<?xml version="1.0" encoding="UTF-8"?>
<!-- Generated by org.testng.reporters.JUnitReportReporter -->
<testsuite hostname="DESKTOP-KAS14N0" failures="0" tests="1" name="testCase.testVerifyTable" time="0.237" errors="0" timestamp="2022-02-20T01:21:05 IST" skipped="0">
  <testcase classname="testCase.testVerifyTable" name="testVerifyTableCellText" time="0.237"/>
  <system-out/>
</testsuite> <!-- testCase.testVerifyTable -->
